<?xml version="1.0" encoding="UTF-8"?>
<testsuite xmlns:xsi="http://www.w3.org/2001/XMLSchema-instance" xsi:noNamespaceSchemaLocation="https://maven.apache.org/surefire/maven-surefire-plugin/xsd/surefire-test-report-3.0.xsd" version="3.0" name="com.crittercare.model.AnimalTest" time="0.034" tests="38" errors="0" skipped="0" failures="0">
  <properties>
[...]
</properties>
  <testcase name="setHunger_clamps_above_100" classname="com.crittercare.model.AnimalTest" time="0.001"/>
  <testcase name="tick_bird_hydration_decreases_at_3_per_hour" classname="com.crittercare.model.AnimalTest" time="0.0"/>
  <testcase name="isHealthCritical_false_just_above_threshold" classname="com.crittercare.model.AnimalTest" time="0.0"/>
  <testcase name="reptile_is_not_venomous_by_default" classname="com.crittercare.model.AnimalTest" time="0.001"/>
  <testcase name="tick_reptile_health_uses_lower_decay_rate" classname="com.crittercare.model.AnimalTest" time="0.0"/>
  <testcase name="tick_health_unchanged_when_animal_is_well_fed_and_hydrated" classname="com.crittercare.model.AnimalTest" time="0.0"/>
  <testcase name="setHydration_clamps_below_zero" classname="com.crittercare.model.AnimalTest" time="0.0"/>
  <testcase name="reptile_returns_correct_type" classname="com.crittercare.model.AnimalTest" time="0.0"/>
  <testcase name="requiresAttention_true_at_hunger_warning_threshold" classname="com.crittercare.model.AnimalTest" time="0.0"/>
  <testcase name="tick_mammal_hunger_increases_at_4_per_hour" classname="com.crittercare.model.AnimalTest" time="0.0"/>
  <testcase name="tick_activity_drops_when_hunger_exceeds_70" classname="com.crittercare.model.AnimalTest" time="0.0"/>
  <testcase name="bird_can_fly_is_true_by_default" classname="com.crittercare.model.AnimalTest" time="0.0"/>
  <testcase name="makeSound_returns_non_null_for_every_subtype" classname="com.crittercare.model.AnimalTest" time="0.0"/>
  <testcase name="requiresAttention_false_just_outside_all_warning_thresholds" classname="com.crittercare.model.AnimalTest" time="0.001"/>
  <testcase name="tick_hydration_clamps_at_zero" classname="com.crittercare.model.AnimalTest" time="0.0"/>
  <testcase name="mammal_returns_correct_type" classname="com.crittercare.model.AnimalTest" time="0.0"/>
  <testcase name="bird_returns_correct_type" classname="com.crittercare.model.AnimalTest" time="0.0"/>
  <testcase name="tick_mammal_hydration_decreases_at_2_5_per_hour" classname="com.crittercare.model.AnimalTest" time="0.001"/>
  <testcase name="tick_activity_unchanged_when_hunger_under_70" classname="com.crittercare.model.AnimalTest" time="0.0"/>
  <testcase name="requiresAttention_false_when_all_stats_healthy" classname="com.crittercare.model.AnimalTest" time="0.001"/>
  <testcase name="bird_full_constructor_sets_flightless" classname="com.crittercare.model.AnimalTest" time="0.0"/>
  <testcase name="isHungerCritical_true_at_threshold" classname="com.crittercare.model.AnimalTest" time="0.0"/>
  <testcase name="requiresAttention_true_at_health_warning_threshold" classname="com.crittercare.model.AnimalTest" time="0.002"/>
  <testcase name="isDehydrationCritical_true_at_threshold" classname="com.crittercare.model.AnimalTest" time="0.002"/>
  <testcase name="isHungerCritical_false_just_below_threshold" classname="com.crittercare.model.AnimalTest" time="0.001"/>
  <testcase name="tick_health_decreases_when_dehydrated" classname="com.crittercare.model.AnimalTest" time="0.001"/>
  <testcase name="tick_bird_hunger_increases_at_5_per_hour" classname="com.crittercare.model.AnimalTest" time="0.0"/>
  <testcase name="tick_reptile_hydration_decreases_at_1_per_hour" classname="com.crittercare.model.AnimalTest" time="0.001"/>
  <testcase name="isDehydrationCritical_false_just_above_threshold" classname="com.crittercare.model.AnimalTest" time="0.0"/>
  <testcase name="tick_health_decreases_when_hunger_is_critical" classname="com.crittercare.model.AnimalTest" time="0.001"/>
  <testcase name="constructor_sets_healthy_defaults" classname="com.crittercare.model.AnimalTest" time="0.0"/>
  <testcase name="tick_hunger_clamps_at_100" classname="com.crittercare.model.AnimalTest" time="0.0"/>
  <testcase name="isHealthCritical_true_at_threshold" classname="com.crittercare.model.AnimalTest" time="0.001"/>
  <testcase name="setHealth_clamps_above_100" classname="com.crittercare.model.AnimalTest" time="0.0"/>
  <testcase name="tick_reptile_hunger_increases_at_1_5_per_hour" classname="com.crittercare.model.AnimalTest" time="0.001"/>
  <testcase name="setHealth_clamps_below_zero" classname="com.crittercare.model.AnimalTest" time="0.0"/>
  <testcase name="reptile_full_constructor_sets_venomous" classname="com.crittercare.model.AnimalTest" time="0.0"/>
  <testcase name="requiresAttention_true_at_hydration_warning_threshold" classname="com.crittercare.model.AnimalTest" time="0.001"/>
</testsuite>