<?xml version="1.0" encoding="UTF-8"?>
<testsuite xmlns:xsi="http://www.w3.org/2001/XMLSchema-instance" xsi:noNamespaceSchemaLocation="https://maven.apache.org/surefire/maven-surefire-plugin/xsd/surefire-test-report-3.0.xsd" version="3.0" name="com.crittercare.simulation.SimulationEngineTest$SimulationTickTests" time="0.014" tests="22" errors="0" skipped="0" failures="0">
  <properties>
[...]
</properties>
  <testcase name="removeListener_unregisters_listener" classname="com.crittercare.simulation.SimulationEngineTest" time="0.3"/>
  <testcase name="addListener_null_is_silently_ignored" classname="com.crittercare.simulation.SimulationEngineTest" time="0.001"/>
  <testcase name="setSpeedMultiplier_negative_throws_illegal_argument" classname="com.crittercare.simulation.SimulationEngineTest" time="0.003"/>
  <testcase name="setSpeedMultiplier_zero_throws_illegal_argument" classname="com.crittercare.simulation.SimulationEngineTest" time="0.002"/>
  <testcase name="engine_is_not_running_before_start" classname="com.crittercare.simulation.SimulationEngineTest" time="0.001"/>
  <testcase name="engine_is_not_running_after_stop" classname="com.crittercare.simulation.SimulationEngineTest" time="0.039">
    <system-out><![CDATA[[SimEngine] Started. Tick every 3s (×720.0 sim speed).
[SimEngine] Stopped after tick #1.
]]></system-out>
    <system-err><![CDATA[[SimEngine] Tick #1 failed: Toolkit not initialized
java.lang.IllegalStateException: Toolkit not initialized
	at com.sun.javafx.application.PlatformImpl.runLater(PlatformImpl.java:436)
	at com.sun.javafx.application.PlatformImpl.runLater(PlatformImpl.java:431)
	at javafx.application.Platform.runLater(Platform.java:168)
	at com.crittercare.simulation.SimulationEngine.executeTick(SimulationEngine.java:208)
	at com.crittercare.simulation.SimulationEngine.runTick(SimulationEngine.java:171)
	at java.base/java.util.concurrent.Executors$RunnableAdapter.call(Executors.java:545)
	at java.base/java.util.concurrent.FutureTask.runAndReset(FutureTask.java:369)
	at java.base/java.util.concurrent.ScheduledThreadPoolExecutor$ScheduledFutureTask.run(ScheduledThreadPoolExecutor.java:310)
	at java.base/java.util.concurrent.ThreadPoolExecutor.runWorker(ThreadPoolExecutor.java:1090)
	at java.base/java.util.concurrent.ThreadPoolExecutor$Worker.run(ThreadPoolExecutor.java:614)
	at java.base/java.lang.Thread.run(Thread.java:1474)
]]></system-err>
  </testcase>
  <testcase name="setSpeedMultiplier_valid_value_is_stored" classname="com.crittercare.simulation.SimulationEngineTest" time="0.001"/>
  <testcase name="setSpeedMultiplier_small_positive_value_is_accepted" classname="com.crittercare.simulation.SimulationEngineTest" time="0.001"/>
  <testcase name="engine_is_running_after_start" classname="com.crittercare.simulation.SimulationEngineTest" time="0.003">
    <system-out><![CDATA[[SimEngine] Started. Tick every 3s (×720.0 sim speed).
[SimEngine] Stopped after tick #1.
]]></system-out>
    <system-err><![CDATA[[SimEngine] Tick #1 failed: Toolkit not initialized
java.lang.IllegalStateException: Toolkit not initialized
	at com.sun.javafx.application.PlatformImpl.runLater(PlatformImpl.java:436)
	at com.sun.javafx.application.PlatformImpl.runLater(PlatformImpl.java:431)
	at javafx.application.Platform.runLater(Platform.java:168)
	at com.crittercare.simulation.SimulationEngine.executeTick(SimulationEngine.java:208)
	at com.crittercare.simulation.SimulationEngine.runTick(SimulationEngine.java:171)
	at java.base/java.util.concurrent.Executors$RunnableAdapter.call(Executors.java:545)
	at java.base/java.util.concurrent.FutureTask.runAndReset(FutureTask.java:369)
	at java.base/java.util.concurrent.ScheduledThreadPoolExecutor$ScheduledFutureTask.run(ScheduledThreadPoolExecutor.java:310)
	at java.base/java.util.concurrent.ThreadPoolExecutor.runWorker(ThreadPoolExecutor.java:1090)
	at java.base/java.util.concurrent.ThreadPoolExecutor$Worker.run(ThreadPoolExecutor.java:614)
	at java.base/java.lang.Thread.run(Thread.java:1474)
]]></system-err>
  </testcase>
  <testcase name="addListener_duplicate_is_not_registered_twice" classname="com.crittercare.simulation.SimulationEngineTest" time="0.001"/>
  <testcase name="addListener_registers_listener" classname="com.crittercare.simulation.SimulationEngineTest" time="0.0"/>
  <testcase name="calling_start_twice_does_not_throw_or_restart" classname="com.crittercare.simulation.SimulationEngineTest" time="0.003">
    <system-out><![CDATA[[SimEngine] Started. Tick every 3s (×720.0 sim speed).
[SimEngine] Stopped after tick #1.
]]></system-out>
    <system-err><![CDATA[[SimEngine] Tick #1 failed: Toolkit not initialized
java.lang.IllegalStateException: Toolkit not initialized
	at com.sun.javafx.application.PlatformImpl.runLater(PlatformImpl.java:436)
	at com.sun.javafx.application.PlatformImpl.runLater(PlatformImpl.java:431)
	at javafx.application.Platform.runLater(Platform.java:168)
	at com.crittercare.simulation.SimulationEngine.executeTick(SimulationEngine.java:208)
	at com.crittercare.simulation.SimulationEngine.runTick(SimulationEngine.java:171)
	at java.base/java.util.concurrent.Executors$RunnableAdapter.call(Executors.java:545)
	at java.base/java.util.concurrent.FutureTask.runAndReset(FutureTask.java:369)
	at java.base/java.util.concurrent.ScheduledThreadPoolExecutor$ScheduledFutureTask.run(ScheduledThreadPoolExecutor.java:310)
	at java.base/java.util.concurrent.ThreadPoolExecutor.runWorker(ThreadPoolExecutor.java:1090)
	at java.base/java.util.concurrent.ThreadPoolExecutor$Worker.run(ThreadPoolExecutor.java:614)
	at java.base/java.lang.Thread.run(Thread.java:1474)
]]></system-err>
  </testcase>
  <testcase name="multiple_distinct_listeners_all_registered" classname="com.crittercare.simulation.SimulationEngineTest" time="0.001"/>
  <testcase name="calling_stop_when_not_started_does_not_throw" classname="com.crittercare.simulation.SimulationEngineTest" time="0.002"/>
  <testcase name="getTickNumber_returns_value_passed_to_constructor" classname="com.crittercare.simulation.SimulationEngineTest$SimulationTickTests" time="0.001"/>
  <testcase name="cleaningDueCount_equals_enclosures_below_warning_threshold" classname="com.crittercare.simulation.SimulationEngineTest$SimulationTickTests" time="0.002"/>
  <testcase name="hasNewAlerts_false_when_alert_list_is_empty" classname="com.crittercare.simulation.SimulationEngineTest$SimulationTickTests" time="0.001"/>
  <testcase name="attentionCount_equals_animals_requiring_attention" classname="com.crittercare.simulation.SimulationEngineTest$SimulationTickTests" time="0.001"/>
  <testcase name="hasNewAlerts_true_when_alert_list_is_non_empty" classname="com.crittercare.simulation.SimulationEngineTest$SimulationTickTests" time="0.001"/>
  <testcase name="snapshot_animals_list_is_unmodifiable" classname="com.crittercare.simulation.SimulationEngineTest$SimulationTickTests" time="0.0"/>
  <testcase name="zero_animals_and_enclosures_gives_zero_counts" classname="com.crittercare.simulation.SimulationEngineTest$SimulationTickTests" time="0.001"/>
  <testcase name="snapshot_animals_list_is_defensively_copied" classname="com.crittercare.simulation.SimulationEngineTest$SimulationTickTests" time="0.001"/>
</testsuite>